<?xml version="1.0" encoding="UTF-8"?>
<!-- Generated by org.testng.reporters.JUnitXMLReporter -->
<testsuite ignored="0" hostname="DML-AFortuin" failures="1" tests="5" name="Home Loans" time="0.048" errors="0" timestamp="2021-10-21T17:22:09 SAST">
  <testcase classname="loans.HomeLoans1" name="firstTest" time="0.005"/>
  <testcase classname="loans.HomeLoans1" name="homeLoanFraudTest" time="0.001"/>
  <testcase classname="loans.HomeLoans1" name="secondTest" time="0.001"/>
  <testcase classname="loans.HomeLoans2" name="fourthTest" time="0.001"/>
  <testcase classname="loans.HomeLoans2" name="thirdTest" time="0.002">
    <failure type="java.lang.AssertionError" message="expected [true] but found [false]">
      <![CDATA[java.lang.AssertionError: expected [true] but found [false]
at loans.HomeLoans2.thirdTest(HomeLoans2.java:16)
at java.base/java.util.ArrayList.forEach(ArrayList.java:1511)
... Removed 31 stack frames]]>
    </failure>
  </testcase> <!-- thirdTest -->
</testsuite> <!-- Home Loans -->
